<?xml version="1.0" encoding="UTF-8"?>
<testng-results skipped="0" failed="0" total="1" passed="1">
  <reporter-output>
  </reporter-output>
  <suite name="smokeTestSNPM" duration-ms="14736" started-at="2017-06-10T07:54:46Z" finished-at="2017-06-10T07:55:01Z">
    <groups>
    </groups>
    <test name="smokeTestSNPM" duration-ms="14736" started-at="2017-06-10T07:54:46Z" finished-at="2017-06-10T07:55:01Z">
      <class name="com.snpm.test.TestHomePage">
        <test-method status="PASS" signature="init()[pri:0, instance:com.snpm.test.TestHomePage@134d26af]" name="init" is-config="true" duration-ms="4118" started-at="2017-06-10T13:24:46Z" finished-at="2017-06-10T13:24:50Z">
          <reporter-output>
          </reporter-output>
        </test-method> <!-- init -->
        <test-method status="PASS" signature="enterInputs()[pri:0, instance:com.snpm.test.TestHomePage@134d26af]" name="enterInputs" duration-ms="10259" started-at="2017-06-10T13:24:50Z" finished-at="2017-06-10T13:25:00Z">
          <reporter-output>
          </reporter-output>
        </test-method> <!-- enterInputs -->
        <test-method status="PASS" signature="close()[pri:0, instance:com.snpm.test.TestHomePage@134d26af]" name="close" is-config="true" duration-ms="347" started-at="2017-06-10T13:25:00Z" finished-at="2017-06-10T13:25:01Z">
          <reporter-output>
          </reporter-output>
        </test-method> <!-- close -->
      </class> <!-- com.snpm.test.TestHomePage -->
    </test> <!-- smokeTestSNPM -->
  </suite> <!-- smokeTestSNPM -->
</testng-results>
