<?xml version="1.0" encoding="UTF-8"?>
<testng-results skipped="0" failed="0" total="1" passed="1">
  <reporter-output>
  </reporter-output>
  <suite name="smokeTestSNPM" duration-ms="10588" started-at="2017-06-06T04:51:11Z" finished-at="2017-06-06T04:51:21Z">
    <groups>
    </groups>
    <test name="smokeTestSNPM" duration-ms="10588" started-at="2017-06-06T04:51:11Z" finished-at="2017-06-06T04:51:21Z">
      <class name="com.snpm.test.TestHomePage">
        <test-method status="PASS" signature="init()[pri:0, instance:com.snpm.test.TestHomePage@201548d3]" name="init" is-config="true" duration-ms="5143" started-at="2017-06-06T10:21:11Z" finished-at="2017-06-06T10:21:16Z">
          <reporter-output>
          </reporter-output>
        </test-method> <!-- init -->
        <test-method status="PASS" signature="enterInputs()[pri:0, instance:com.snpm.test.TestHomePage@201548d3]" name="enterInputs" duration-ms="1978" started-at="2017-06-06T10:21:16Z" finished-at="2017-06-06T10:21:18Z">
          <reporter-output>
          </reporter-output>
        </test-method> <!-- enterInputs -->
        <test-method status="PASS" signature="close()[pri:0, instance:com.snpm.test.TestHomePage@201548d3]" name="close" is-config="true" duration-ms="3457" started-at="2017-06-06T10:21:18Z" finished-at="2017-06-06T10:21:21Z">
          <reporter-output>
          </reporter-output>
        </test-method> <!-- close -->
      </class> <!-- com.snpm.test.TestHomePage -->
    </test> <!-- smokeTestSNPM -->
  </suite> <!-- smokeTestSNPM -->
</testng-results>
